https://filters.adtidy.org/windows/filters/15.txt
 https://easylist-downloads.adblockplus.org/easylist.txt
 https://easylist-downloads.adblockplus.org/abpindo+easylist.txt
 https://raw.githubusercontent.com/ABPindo/indonesianadblockrules/master/subscriptions/abpindo.txt
 https://easylist-downloads.adblockplus.org/bulgarian_list+easylist.txt
 https://stanev.org/abp/adblock_bg.txt
 https://easylist-downloads.adblockplus.org/easylistchina+easylist.txt
 https://easylist-downloads.adblockplus.org/easylistchina.txt
 https://easylist-downloads.adblockplus.org/easylistczechslovak+easylist.txt
 https://raw.githubusercontent.com/tomasko126/easylistczechandslovak/master/filters.txt
 https://easylist-downloads.adblockplus.org/easylistdutch+easylist.txt
 https://easylist-downloads.adblockplus.org/easylistdutch.txt
 https://easylist-downloads.adblockplus.org/easylistgermany+easylist.txt
 https://easylist-downloads.adblockplus.org/easylistgermany.txt
 https://easylist-downloads.adblockplus.org/israellist+easylist.txt
 https://raw.githubusercontent.com/easylist/EasyListHebrew/master/EasyListHebrew.txt
 https://easylist-downloads.adblockplus.org/easylistitaly+easylist.txt
 https://easylist-downloads.adblockplus.org/easylistitaly.txt
 https://easylist-downloads.adblockplus.org/easylistlithuania+easylist.txt
 http://margevicius.lt/easylistlithuania.txt
 https://easylist-downloads.adblockplus.org/latvianlist+easylist.txt
 https://notabug.org/latvian-list/adblock-latvian/raw/master/lists/latvian-list.txt
 https://easylist-downloads.adblockplus.org/liste_ar+liste_fr+easylist.txt
 https://easylist-downloads.adblockplus.org/Liste_AR.txt
 https://easylist-downloads.adblockplus.org/liste_fr+easylist.txt
 https://easylist-downloads.adblockplus.org/liste_fr.txt
 https://easylist-downloads.adblockplus.org/rolist+easylist.txt
 https://www.zoso.ro/pages/rolist.txt
 https://easylist-downloads.adblockplus.org/ruadlist+easylist.txt
 https://easylist-downloads.adblockplus.org/advblock.txt
 https://easylist-downloads.adblockplus.org/easylistspanish.txt
 https://easylist-downloads.adblockplus.org/easyprivacy+easylist.txt
 https://easylist-downloads.adblockplus.org/easyprivacy.txt
 http://adblock.gardar.net/is.abp.txt
 https://www.void.gr/kargig/void-gr-filters.txt
 https://raw.githubusercontent.com/k2jp/abp-japanese-filters/master/abpjf.txt
 http://adblock.dajbych.net/adblock.txt
 http://gurud.ee/ab.txt
 http://abp.mozilla-hispano.org/nauscopio/filtros.txt
 https://raw.githubusercontent.com/szpeter80/hufilter/master/hufilter.txt
 https://adblock.dk/block.csv
 https://raw.githubusercontent.com/gioxx/xfiles/master/filtri.txt
 https://raw.githubusercontent.com/yous/YousList/master/youslist.txt
 https://easylist-downloads.adblockplus.org/antiadblockfilters.txt
 https://easylist-downloads.adblockplus.org/adwarefilters.txt
 https://easylist-downloads.adblockplus.org/fanboy-annoyance.txt
 https://easylist-downloads.adblockplus.org/fanboy-social.txt
 https://www.i-dont-care-about-cookies.eu/abp/
 https://easylist-downloads.adblockplus.org/malwaredomains_full.txt
 https://raw.githubusercontent.com/liamja/Prebake/master/obtrusive.txt
 https://raw.githubusercontent.com/Dawsey21/Lists/master/adblock-list.txt
